0 info it worked if it ends with ok
1 verbose cli [ 'C:\\Personal\\tools\\nodejs\\node.exe',
1 verbose cli   'C:\\Users\\JOPARKS\\AppData\\Roaming\\npm\\node_modules\\npm\\bin\\npm-cli.js',
1 verbose cli   'start' ]
2 info using npm@3.10.6
3 info using node@v4.4.7
4 verbose run-script [ 'prestart', 'start', 'poststart' ]
5 info lifecycle node-todo@1.0.0~prestart: node-todo@1.0.0
6 silly lifecycle node-todo@1.0.0~prestart: no script for prestart, continuing
7 info lifecycle node-todo@1.0.0~start: node-todo@1.0.0
8 verbose lifecycle node-todo@1.0.0~start: unsafe-perm in lifecycle true
9 verbose lifecycle node-todo@1.0.0~start: PATH: C:\Users\JOPARKS\AppData\Roaming\npm\node_modules\npm\bin\node-gyp-bin;C:\Personal\projects\mars_workspace\mean_todo\node_modules\.bin;C:\ProgramData\Oracle\Java\javapath;C:\Windows\system32;C:\Windows;C:\Windows\System32\Wbem;C:\Windows\System32\WindowsPowerShell\v1.0\;C:\Program Files (x86)\DC VB Extended Components\S00;C:\ProgramData\Lotus\Notes\Data;C:\Program Files (x86)\Microsoft SQL Server\110\Tools\Binn\ManagementStudio\;C:\Program Files (x86)\Microsoft SQL Server\110\Tools\Binn\;C:\Program Files (x86)\Microsoft Visual Studio 10.0\Common7\IDE\PrivateAssemblies\;C:\Program Files (x86)\Microsoft SQL Server\110\DTS\Binn\;C:\Java\jdk1.8.0_77\bin;C:\Personal\tools\apache-maven-3.0.5\bin;C:\Program Files\MySQL\MySQL Server 5.7\bin;C:\Windows\System32\WindowsPowerShell\v1.0\;C:\Windows\System32\WindowsPowerShell\v1.0\;C:\Personal\tools\nodejs\;C:\Personal\tools\gradle\gradle-2.14\bin;C:\Ruby23-x64\bin;C:\Personal\tools\selenium\selenium-2.40.0\chromedriver.exe;C:\Users\JOPARKS\.dnx\bin;C:\Program Files\Microsoft DNX\Dnvm\;C:\Program Files\Microsoft SQL Server\130\Tools\Binn\;c:\Program Files (x86)\Microsoft SQL Server\100\Tools\Binn\;c:\Program Files\Microsoft SQL Server\100\Tools\Binn\;c:\Program Files\Microsoft SQL Server\100\DTS\Binn\;C:\PROGRA~1\IBM\SQLLIB\BIN;C:\PROGRA~1\IBM\SQLLIB\FUNCTION;C:\Program Files\MongoDB\Server\3.4\bin;C:\Users\JOPARKS\AppData\Roaming\npm
10 verbose lifecycle node-todo@1.0.0~start: CWD: C:\Personal\projects\mars_workspace\mean_todo
11 silly lifecycle node-todo@1.0.0~start: Args: [ '/d /s /c', 'npm server.js' ]
12 silly lifecycle node-todo@1.0.0~start: Returned: code: 1  signal: null
13 info lifecycle node-todo@1.0.0~start: Failed to exec start script
14 verbose stack Error: node-todo@1.0.0 start: `npm server.js`
14 verbose stack Exit status 1
14 verbose stack     at EventEmitter.<anonymous> (C:\Users\JOPARKS\AppData\Roaming\npm\node_modules\npm\lib\utils\lifecycle.js:255:16)
14 verbose stack     at emitTwo (events.js:87:13)
14 verbose stack     at EventEmitter.emit (events.js:172:7)
14 verbose stack     at ChildProcess.<anonymous> (C:\Users\JOPARKS\AppData\Roaming\npm\node_modules\npm\lib\utils\spawn.js:40:14)
14 verbose stack     at emitTwo (events.js:87:13)
14 verbose stack     at ChildProcess.emit (events.js:172:7)
14 verbose stack     at maybeClose (internal/child_process.js:827:16)
14 verbose stack     at Process.ChildProcess._handle.onexit (internal/child_process.js:211:5)
15 verbose pkgid node-todo@1.0.0
16 verbose cwd C:\Personal\projects\mars_workspace\mean_todo
17 error Windows_NT 6.1.7601
18 error argv "C:\\Personal\\tools\\nodejs\\node.exe" "C:\\Users\\JOPARKS\\AppData\\Roaming\\npm\\node_modules\\npm\\bin\\npm-cli.js" "start"
19 error node v4.4.7
20 error npm  v3.10.6
21 error code ELIFECYCLE
22 error node-todo@1.0.0 start: `npm server.js`
22 error Exit status 1
23 error Failed at the node-todo@1.0.0 start script 'npm server.js'.
23 error Make sure you have the latest version of node.js and npm installed.
23 error If you do, this is most likely a problem with the node-todo package,
23 error not with npm itself.
23 error Tell the author that this fails on your system:
23 error     npm server.js
23 error You can get information on how to open an issue for this project with:
23 error     npm bugs node-todo
23 error Or if that isn't available, you can get their info via:
23 error     npm owner ls node-todo
23 error There is likely additional logging output above.
24 verbose exit [ 1, true ]
